Build started 10/11/2015 00:26:44.
     1>Project "C:\Users\Manuel Gomes\Documents\GitHub\aeda\aeda\aeda.vcxproj" on node 2 (Build target(s)).
     1>ClCompile:
         C:\Program Files (x86)\VC\bin\CL.exe /c /ZI /nologo /W3 /WX- /sdl /Od /Oy- /D WIN32 /D _DEBUG /D _CONSOLE /D _LIB /D _CRT_SECURE_NO_WARNINGS /D _UNICODE /D UNICODE /Gm /EHsc /RTC1 /MDd /GS /fp:precise /Zc:wchar_t /Zc:forScope /Fo"Debug\\" /Fd"Debug\vc120.pdb" /Gd /TP /analyze- /errorReport:prompt OLZ.cpp
         OLZ.cpp
     1>c:\users\manuel gomes\documents\github\aeda\aeda\olz.cpp(1368): warning C4018: '<' : signed/unsigned mismatch
     1>c:\users\manuel gomes\documents\github\aeda\aeda\olz.cpp(1989): warning C4800: 'int' : forcing value to bool 'true' or 'false' (performance warning)
     1>c:\users\manuel gomes\documents\github\aeda\aeda\olz.cpp(1996): warning C4800: 'int' : forcing value to bool 'true' or 'false' (performance warning)
     1>c:\users\manuel gomes\documents\github\aeda\aeda\olz.cpp(2004): warning C4800: 'int' : forcing value to bool 'true' or 'false' (performance warning)
     1>c:\users\manuel gomes\documents\github\aeda\aeda\olz.cpp(2577): warning C4018: '<' : signed/unsigned mismatch
     1>c:\users\manuel gomes\documents\github\aeda\aeda\olz.cpp(2611): warning C4018: '<' : signed/unsigned mismatch
     1>c:\users\manuel gomes\documents\github\aeda\aeda\olz.cpp(2622): warning C4018: '<' : signed/unsigned mismatch
     1>c:\users\manuel gomes\documents\github\aeda\aeda\olz.cpp(2633): warning C4018: '<' : signed/unsigned mismatch
     1>c:\users\manuel gomes\documents\github\aeda\aeda\olz.cpp(2643): warning C4018: '<' : signed/unsigned mismatch
     1>c:\users\manuel gomes\documents\github\aeda\aeda\olz.cpp(2655): warning C4018: '<' : signed/unsigned mismatch
     1>c:\users\manuel gomes\documents\github\aeda\aeda\olz.cpp(2672): warning C4018: '<' : signed/unsigned mismatch
     1>c:\users\manuel gomes\documents\github\aeda\aeda\olz.cpp(2690): warning C4018: '<' : signed/unsigned mismatch
     1>c:\users\manuel gomes\documents\github\aeda\aeda\olz.cpp(2762): warning C4018: '<' : signed/unsigned mismatch
     1>c:\users\manuel gomes\documents\github\aeda\aeda\olz.cpp(2774): warning C4018: '<' : signed/unsigned mismatch
       Link:
         C:\Program Files (x86)\VC\bin\link.exe /ERRORREPORT:PROMPT /OUT:"C:\Users\Manuel Gomes\Documents\GitHub\aeda\Debug\aeda.exe" /INCREMENTAL /NOLOGO kernel32.lib user32.lib gdi32.lib winspool.lib comdlg32.lib advapi32.lib shell32.lib ole32.lib oleaut32.lib uuid.lib odbc32.lib odbccp32.lib /MANIFEST /MANIFESTUAC:"level='asInvoker' uiAccess='false'" /manifest:embed /DEBUG /PDB:"C:\Users\Manuel Gomes\Documents\GitHub\aeda\Debug\aeda.pdb" /SUBSYSTEM:CONSOLE /TLBID:1 /DYNAMICBASE /NXCOMPAT /IMPLIB:"C:\Users\Manuel Gomes\Documents\GitHub\aeda\Debug\aeda.lib" /MACHINE:X86 Debug\Anuncio.obj
         Debug\Contato.obj
         Debug\Data.obj
         Debug\Functions.obj
         Debug\Localizacao.obj
         Debug\main.obj
         Debug\OLZ.obj
         Debug\Utilizador.obj
         aeda.vcxproj -> C:\Users\Manuel Gomes\Documents\GitHub\aeda\Debug\aeda.exe
     1>Done Building Project "C:\Users\Manuel Gomes\Documents\GitHub\aeda\aeda\aeda.vcxproj" (Build target(s)).

Build succeeded.

Time Elapsed 00:00:01.90
